<?xml version="1.0" encoding="UTF-8"?>
<!-- Generated by org.testng.reporters.JUnitReportReporter -->
<testsuite hostname="LAPTOP-J8T8P8I4" failures="0" tests="1" name="testLayer.AmazonTestSearch" time="46.002" errors="0" timestamp="2023-03-26T17:37:49 EDT" skipped="0">
  <testcase classname="testLayer.AmazonTestSearch" name="searchfacility" time="46.002"/>
  <system-out/>
</testsuite> <!-- testLayer.AmazonTestSearch -->
