<?xml version="1.0" encoding="UTF-8"?>
<!-- Generated by org.testng.reporters.JUnitReportReporter -->
<testsuite hostname="LAPTOP-J8T8P8I4" failures="0" tests="1" name="testLayer.AmazonTest" time="60.874" errors="0" timestamp="2023-03-26T17:47:34 EDT" skipped="0">
  <testcase classname="testLayer.AmazonTest" name="validusername" time="60.874"/>
  <system-out/>
</testsuite> <!-- testLayer.AmazonTest -->
